#
# There is insufficient memory for the Java Runtime Environment to continue.
# Native memory allocation (mmap) failed to map 134217728 bytes for Failed to commit area from 0x0000000081c00000 to 0x0000000089c00000 of length 134217728.
# Possible reasons:
#   The system is out of physical RAM or swap space
#   The process is running with CompressedOops enabled, and the Java Heap may be blocking the growth of the native heap
# Possible solutions:
#   Reduce memory load on the system
#   Increase physical memory or swap space
#   Check if swap backing store is full
#   Decrease Java heap size (-Xmx/-Xms)
#   Decrease number of Java threads
#   Decrease Java thread stack sizes (-Xss)
#   Set larger code cache with -XX:ReservedCodeCacheSize=
#   JVM is running with Unscaled Compressed Oops mode in which the Java heap is
#     placed in the first 4GB address space. The Java Heap base address is the
#     maximum limit for the native heap growth. Please use -XX:HeapBaseMinAddress
#     to set the Java Heap base and to place the Java Heap above 4GB virtual address.
# This output file may be truncated or incomplete.
#
#  Out of Memory Error (t:/workspace/open/src/hotspot/os/windows/os_windows.cpp:3315), pid=7968, tid=9208
#
# JRE version:  (14.0+36) (build )
# Java VM: OpenJDK 64-Bit Server VM (14+36-1461, mixed mode, sharing, tiered, compressed oops, g1 gc, windows-amd64)
# No core dump will be written. Minidumps are not enabled by default on client versions of Windows
#

---------------  S U M M A R Y ------------

Command Line: -javaagent:D:\Program Files\JetBrains\IntelliJ IDEA Community Edition 2020.1\lib\idea_rt.jar=52117:D:\Program Files\JetBrains\IntelliJ IDEA Community Edition 2020.1\bin -Dfile.encoding=UTF-8 MainCalc

Host: Intel(R) Core(TM) i5-8265U CPU @ 1.60GHz, 8 cores, 7G,  Windows 10 , 64 bit Build 17763 (10.0.17763.475)
Time: Fri Apr 17 20:12:37 2020 RTZ 2 (ceia) elapsed time: 0 seconds (0d 0h 0m 0s)

---------------  T H R E A D  ---------------

Current thread (0x0000019c990f2000):  JavaThread "Unknown thread" [_thread_in_vm, id=9208, stack(0x0000007b90d00000,0x0000007b90e00000)]

Stack: [0x0000007b90d00000,0x0000007b90e00000]
Native frames: (J=compiled Java code, j=interpreted, Vv=VM code, C=native code)
V  [jvm.dll+0x5f83ea]
V  [jvm.dll+0x741e2a]
V  [jvm.dll+0x7435df]
V  [jvm.dll+0x743c23]
V  [jvm.dll+0x20d268]
V  [jvm.dll+0x5f579a]
V  [jvm.dll+0x5ea5f5]
V  [jvm.dll+0x2c7e7c]
V  [jvm.dll+0x2c7cb2]
V  [jvm.dll+0x2cdb9c]
V  [jvm.dll+0x313fd8]
V  [jvm.dll+0x313700]
V  [jvm.dll+0x2a090a]
V  [jvm.dll+0x2a1a59]
V  [jvm.dll+0x71f6f8]
V  [jvm.dll+0x321c24]
V  [jvm.dll+0x700aec]
V  [jvm.dll+0x392ddf]
V  [jvm.dll+0x394e51]
C  [jli.dll+0x523b]
C  [ucrtbase.dll+0x21ffa]
C  [KERNEL32.DLL+0x17974]
C  [ntdll.dll+0x6a261]


---------------  P R O C E S S  ---------------

Threads class SMR info:
_java_thread_list=0x00007fff8b8a4078, length=0, elements={
}

Java Threads: ( => current thread )

Other Threads:
  0x0000019c99135000 GCTaskThread "GC Thread#0" [stack: 0x0000007b90e00000,0x0000007b90f00000] [id=9428]
  0x0000019c99146000 ConcurrentGCThread "G1 Main Marker" [stack: 0x0000007b90f00000,0x0000007b91000000] [id=11040]
  0x0000019c99148000 ConcurrentGCThread "G1 Conc#0" [stack: 0x0000007b91000000,0x0000007b91100000] [id=688]

[error occurred during error reporting (printing all threads), id 0xc0000005, EXCEPTION_ACCESS_VIOLATION (0xc0000005) at pc=0x00007fff8b0d1237]

VM state:not at safepoint (not fully initialized)

VM Mutex/Monitor currently owned by a thread:  ([mutex/lock_event])
[0x0000019c990ebe00] Heap_lock - owner thread: 0x0000019c990f2000

Heap address: 0x0000000081c00000, size: 2020 MB, Compressed Oops mode: 32-bit
Narrow klass base: 0x0000000000000000, Narrow klass shift: 0

GC Heap History (0 events):
No events

Deoptimization events (0 events):
No events

Classes unloaded (0 events):
No events

Classes redefined (0 events):
No events

Internal exceptions (0 events):
No events

Events (2 events):
Event: 0.006 Loaded shared library C:\Users\Gleb\.jdks\openjdk-14\bin\java.dll
Event: 0.006 Loaded shared library C:\Users\Gleb\.jdks\openjdk-14\bin\zip.dll


Dynamic libraries:
0x00007ff7d65f0000 - 0x00007ff7d65fd000 	C:\Users\Gleb\.jdks\openjdk-14\bin\java.exe
0x00007ffff1db0000 - 0x00007ffff1f9d000 	C:\Windows\SYSTEM32\ntdll.dll
0x00007fffe9420000 - 0x00007fffe9433000 	C:\Program Files\Avast Software\Avast\aswhook.dll
0x00007ffff1810000 - 0x00007ffff18c3000 	C:\Windows\System32\KERNEL32.DLL
0x00007fffedf50000 - 0x00007fffee1e3000 	C:\Windows\System32\KERNELBASE.dll
0x00007fffee290000 - 0x00007fffee38a000 	C:\Windows\System32\ucrtbase.dll
0x00007fffc43a0000 - 0x00007fffc43b8000 	C:\Users\Gleb\.jdks\openjdk-14\bin\jli.dll
0x00007ffff0a10000 - 0x00007ffff0ba7000 	C:\Windows\System32\USER32.dll
0x00007fffee1f0000 - 0x00007fffee210000 	C:\Windows\System32\win32u.dll
0x00007ffff1aa0000 - 0x00007ffff1ac9000 	C:\Windows\System32\GDI32.dll
0x00007fffee660000 - 0x00007fffee7f9000 	C:\Windows\System32\gdi32full.dll
0x00007fffee5c0000 - 0x00007fffee660000 	C:\Windows\System32\msvcp_win.dll
0x00007fffc4380000 - 0x00007fffc4395000 	C:\Users\Gleb\.jdks\openjdk-14\bin\VCRUNTIME140.dll
0x00007fffd46b0000 - 0x00007fffd4929000 	C:\Windows\WinSxS\amd64_microsoft.windows.common-controls_6595b64144ccf1df_6.0.17763.1098_none_de762ed45346ee8a\COMCTL32.dll
0x00007ffff1a00000 - 0x00007ffff1a9e000 	C:\Windows\System32\msvcrt.dll
0x00007ffff1060000 - 0x00007ffff138c000 	C:\Windows\System32\combase.dll
0x00007ffff1bb0000 - 0x00007ffff1cd2000 	C:\Windows\System32\RPCRT4.dll
0x00007fffee210000 - 0x00007fffee28e000 	C:\Windows\System32\bcryptPrimitives.dll
0x00007ffff1ad0000 - 0x00007ffff1afe000 	C:\Windows\System32\IMM32.DLL
0x00007fffaa640000 - 0x00007fffaa6db000 	C:\Users\Gleb\.jdks\openjdk-14\bin\msvcp140.dll
0x00007fff8ae20000 - 0x00007fff8b93f000 	C:\Users\Gleb\.jdks\openjdk-14\bin\server\jvm.dll
0x00007ffff1b00000 - 0x00007ffff1ba3000 	C:\Windows\System32\ADVAPI32.dll
0x00007ffff0ce0000 - 0x00007ffff0d7e000 	C:\Windows\System32\sechost.dll
0x00007ffff19f0000 - 0x00007ffff19f8000 	C:\Windows\System32\PSAPI.DLL
0x00007fffd5970000 - 0x00007fffd5979000 	C:\Windows\SYSTEM32\WSOCK32.dll
0x00007ffff1980000 - 0x00007ffff19ed000 	C:\Windows\System32\WS2_32.dll
0x00007fffeb3c0000 - 0x00007fffeb3e4000 	C:\Windows\SYSTEM32\WINMM.dll
0x00007fffe88b0000 - 0x00007fffe88ba000 	C:\Windows\SYSTEM32\VERSION.dll
0x00007fffeb390000 - 0x00007fffeb3bd000 	C:\Windows\SYSTEM32\WINMMBASE.dll
0x00007fffee570000 - 0x00007fffee5ba000 	C:\Windows\System32\cfgmgr32.dll
0x00007fffede50000 - 0x00007fffede61000 	C:\Windows\System32\kernel.appcore.dll
0x00007fffcb8c0000 - 0x00007fffcb8ca000 	C:\Users\Gleb\.jdks\openjdk-14\bin\jimage.dll
0x00007fffec750000 - 0x00007fffec93d000 	C:\Windows\SYSTEM32\DBGHELP.DLL
0x00007fffdb720000 - 0x00007fffdb74a000 	C:\Windows\SYSTEM32\dbgcore.DLL
0x00007fffdc960000 - 0x00007fffdc96e000 	C:\Users\Gleb\.jdks\openjdk-14\bin\instrument.dll
0x00007fffc2ed0000 - 0x00007fffc2ef5000 	C:\Users\Gleb\.jdks\openjdk-14\bin\java.dll
0x00007fffc2eb0000 - 0x00007fffc2ec7000 	C:\Users\Gleb\.jdks\openjdk-14\bin\zip.dll

dbghelp: loaded successfully - version: 4.0.5 - missing functions: none
symbol engine: initialized successfully - sym options: 0x614 - pdb path: .;C:\Users\Gleb\.jdks\openjdk-14\bin;C:\Windows\SYSTEM32;C:\Program Files\Avast Software\Avast;C:\Windows\WinSxS\amd64_microsoft.windows.common-controls_6595b64144ccf1df_6.0.17763.1098_none_de762ed45346ee8a;C:\Users\Gleb\.jdks\openjdk-14\bin\server

VM Arguments:
jvm_args: -javaagent:D:\Program Files\JetBrains\IntelliJ IDEA Community Edition 2020.1\lib\idea_rt.jar=52117:D:\Program Files\JetBrains\IntelliJ IDEA Community Edition 2020.1\bin -Dfile.encoding=UTF-8 
java_command: MainCalc
java_class_path (initial): C:\Users\Gleb\IdeaProjects\Course 2 Java Homework\out\production\Course 2 Java Homework
Launcher Type: SUN_STANDARD

[Global flags]
     intx CICompilerCount                          = 4                                         {product} {ergonomic}
     uint ConcGCThreads                            = 2                                         {product} {ergonomic}
     uint G1ConcRefinementThreads                  = 8                                         {product} {ergonomic}
   size_t G1HeapRegionSize                         = 1048576                                   {product} {ergonomic}
    uintx GCDrainStackTargetSize                   = 64                                        {product} {ergonomic}
   size_t InitialHeapSize                          = 134217728                                 {product} {ergonomic}
   size_t MarkStackSize                            = 4194304                                   {product} {ergonomic}
   size_t MaxHeapSize                              = 2118123520                                {product} {ergonomic}
   size_t MinHeapDeltaBytes                        = 1048576                                   {product} {ergonomic}
   size_t MinHeapSize                              = 8388608                                   {product} {ergonomic}
    uintx NonNMethodCodeHeapSize                   = 5839372                                {pd product} {ergonomic}
    uintx NonProfiledCodeHeapSize                  = 122909434                              {pd product} {ergonomic}
    uintx ProfiledCodeHeapSize                     = 122909434                              {pd product} {ergonomic}
    uintx ReservedCodeCacheSize                    = 251658240                              {pd product} {ergonomic}
     bool SegmentedCodeCache                       = true                                      {product} {ergonomic}
   size_t SoftMaxHeapSize                          = 2118123520                             {manageable} {ergonomic}
     bool UseCompressedClassPointers               = true                                 {lp64_product} {ergonomic}
     bool UseCompressedOops                        = true                                 {lp64_product} {ergonomic}
     bool UseG1GC                                  = true                                      {product} {ergonomic}
     bool UseLargePagesIndividualAllocation        = false                                  {pd product} {ergonomic}

Logging:
Log output configuration:
 #0: stdout all=warning uptime,level,tags
 #1: stderr all=off uptime,level,tags

Environment Variables:
PATH=C:\Windows\system32;C:\Windows;C:\Windows\System32\Wbem;C:\Windows\System32\WindowsPowerShell\v1.0\;C:\Windows\System32\OpenSSH\;C:\Users\Gleb\AppData\Local\Microsoft\WindowsApps;
USERNAME=Gleb
OS=Windows_NT
PROCESSOR_IDENTIFIER=Intel64 Family 6 Model 142 Stepping 12, GenuineIntel



---------------  S Y S T E M  ---------------

OS: Windows 10 , 64 bit Build 17763 (10.0.17763.475)
OS uptime: 0 days 8:50 hours

CPU:total 8 (initial active 8) (4 cores per cpu, 2 threads per core) family 6 model 142 stepping 12, cmov, cx8, fxsr, mmx, sse, sse2, sse3, ssse3, sse4.1, sse4.2, popcnt, avx, avx2, aes, clmul, erms, 3dnowpref, lzcnt, ht, tsc, tscinvbit, bmi1, bmi2, adx, fma

Memory: 4k page, system-wide physical 8078M (2389M free)
TotalPageFile size 10126M (AvailPageFile size 100M)
current process WorkingSet (physical memory assigned to process): 10M, peak: 10M
current process commit charge ("private bytes"): 60M, peak: 188M

vm_info: OpenJDK 64-Bit Server VM (14+36-1461) for windows-amd64 JRE (14+36-1461), built on Feb  6 2020 19:03:18 by "mach5one" with MS VC++ 15.9 (VS2017)

END.
